  main.cpp
C:\Users\reube\Desktop\Work\SUTD\Term 8\50.017 Graphics and Visualization\github_repo\Assignment5\Camera.h(51,13): warning C4244:  '=': conversion from 'double' to 'float', possible loss of data
C:\Users\reube\Desktop\Work\SUTD\Term 8\50.017 Graphics and Visualization\github_repo\Assignment5\Triangle.h(77,14): warning C4244:  'argument': conversion from 'double' to 'float', possible loss of data
C:\Users\reube\Desktop\Work\SUTD\Term 8\50.017 Graphics and Visualization\github_repo\Assignment5\Triangle.h(77,41): warning C4244:  'argument': conversion from 'double' to 'float', possible loss of data
C:\Users\reube\Desktop\Work\SUTD\Term 8\50.017 Graphics and Visualization\github_repo\Assignment5\Triangle.h(77,67): warning C4244:  'argument': conversion from 'double' to 'float', possible loss of data
C:\Users\reube\Desktop\Work\SUTD\Term 8\50.017 Graphics and Visualization\github_repo\Assignment5\Triangle.h(78,12): warning C4244:  'argument': conversion from 'double' to 'float', possible loss of data
C:\Users\reube\Desktop\Work\SUTD\Term 8\50.017 Graphics and Visualization\github_repo\Assignment5\Triangle.h(79,15): warning C4244:  'argument': conversion from 'double' to 'float', possible loss of data
C:\Users\reube\Desktop\Work\SUTD\Term 8\50.017 Graphics and Visualization\github_repo\Assignment5\Triangle.h(79,44): warning C4244:  'argument': conversion from 'double' to 'float', possible loss of data
C:\Users\reube\Desktop\Work\SUTD\Term 8\50.017 Graphics and Visualization\github_repo\Assignment5\Triangle.h(79,72): warning C4244:  'argument': conversion from 'double' to 'float', possible loss of data
C:\Users\reube\Desktop\Work\SUTD\Term 8\50.017 Graphics and Visualization\github_repo\Assignment5\Group.h(34,22): warning C4018:  '<': signed/unsigned mismatch
C:\Users\reube\Desktop\Work\SUTD\Term 8\50.017 Graphics and Visualization\github_repo\Assignment5\Sphere.h(47,31): warning C4244:  'argument': conversion from 'double' to 'float', possible loss of data
C:\Users\reube\Desktop\Work\SUTD\Term 8\50.017 Graphics and Visualization\github_repo\Assignment5\Sphere.h(50,11): warning C4244:  'argument': conversion from 'double' to 'float', possible loss of data
C:\Users\reube\Desktop\Work\SUTD\Term 8\50.017 Graphics and Visualization\github_repo\Assignment5\Sphere.h(58,31): warning C4244:  'argument': conversion from 'double' to 'float', possible loss of data
C:\Users\reube\Desktop\Work\SUTD\Term 8\50.017 Graphics and Visualization\github_repo\Assignment5\Sphere.h(61,11): warning C4244:  'argument': conversion from 'double' to 'float', possible loss of data
C:\Users\reube\Desktop\Work\SUTD\Term 8\50.017 Graphics and Visualization\github_repo\Assignment5\main.cpp(62,19): warning C4244:  '=': conversion from 'double' to 'float', possible loss of data
C:\Users\reube\Desktop\Work\SUTD\Term 8\50.017 Graphics and Visualization\github_repo\Assignment5\main.cpp(63,20): warning C4244:  '=': conversion from 'double' to 'float', possible loss of data
C:\Users\reube\Desktop\Work\SUTD\Term 8\50.017 Graphics and Visualization\github_repo\Assignment5\main.cpp(98,25): warning C4018:  '<': signed/unsigned mismatch
C:\Users\reube\Desktop\Work\SUTD\Term 8\50.017 Graphics and Visualization\github_repo\Assignment5\main.cpp(99,26): warning C4018:  '<': signed/unsigned mismatch
C:\Users\reube\Desktop\Work\SUTD\Term 8\50.017 Graphics and Visualization\github_repo\Assignment5\main.cpp(102,46): warning C4244:  'argument': conversion from 'double' to 'float', possible loss of data
C:\Users\reube\Desktop\Work\SUTD\Term 8\50.017 Graphics and Visualization\github_repo\Assignment5\main.cpp(101,62): warning C4244:  'argument': conversion from 'double' to 'float', possible loss of data
C:\Users\reube\Desktop\Work\SUTD\Term 8\50.017 Graphics and Visualization\github_repo\Assignment5\main.cpp(157,50): warning C4244:  '=': conversion from 'double' to 'float', possible loss of data
C:\Users\reube\Desktop\Work\SUTD\Term 8\50.017 Graphics and Visualization\github_repo\Assignment5\main.cpp(73,9): warning C4101:  'light': unreferenced local variable
  Material.cpp
  Mesh.cpp
C:\Users\reube\Desktop\Work\SUTD\Term 8\50.017 Graphics and Visualization\github_repo\Assignment5\main.cpp(78,8): warning C4101:  'light_dist': unreferenced local variable
C:\Users\reube\Desktop\Work\SUTD\Term 8\50.017 Graphics and Visualization\github_repo\Assignment5\Triangle.h(77,14): warning C4244:  'argument': conversion from 'double' to 'float', possible loss of data
C:\Users\reube\Desktop\Work\SUTD\Term 8\50.017 Graphics and Visualization\github_repo\Assignment5\Triangle.h(77,41): warning C4244:  'argument': conversion from 'double' to 'float', possible loss of data
C:\Users\reube\Desktop\Work\SUTD\Term 8\50.017 Graphics and Visualization\github_repo\Assignment5\Triangle.h(77,67): warning C4244:  'argument': conversion from 'double' to 'float', possible loss of data
C:\Users\reube\Desktop\Work\SUTD\Term 8\50.017 Graphics and Visualization\github_repo\Assignment5\Triangle.h(78,12): warning C4244:  'argument': conversion from 'double' to 'float', possible loss of data
C:\Users\reube\Desktop\Work\SUTD\Term 8\50.017 Graphics and Visualization\github_repo\Assignment5\Triangle.h(79,15): warning C4244:  'argument': conversion from 'double' to 'float', possible loss of data
C:\Users\reube\Desktop\Work\SUTD\Term 8\50.017 Graphics and Visualization\github_repo\Assignment5\Triangle.h(79,44): warning C4244:  'argument': conversion from 'double' to 'float', possible loss of data
  Noise.cpp
  octree.cpp
C:\Users\reube\Desktop\Work\SUTD\Term 8\50.017 Graphics and Visualization\github_repo\Assignment5\Triangle.h(79,72): warning C4244:  'argument': conversion from 'double' to 'float', possible loss of data
C:\Users\reube\Desktop\Work\SUTD\Term 8\50.017 Graphics and Visualization\github_repo\Assignment5\Triangle.h(77,14): warning C4244:  'argument': conversion from 'double' to 'float', possible loss of data
C:\Users\reube\Desktop\Work\SUTD\Term 8\50.017 Graphics and Visualization\github_repo\Assignment5\Triangle.h(77,41): warning C4244:  'argument': conversion from 'double' to 'float', possible loss of data
C:\Users\reube\Desktop\Work\SUTD\Term 8\50.017 Graphics and Visualization\github_repo\Assignment5\Triangle.h(77,67): warning C4244:  'argument': conversion from 'double' to 'float', possible loss of data
C:\Users\reube\Desktop\Work\SUTD\Term 8\50.017 Graphics and Visualization\github_repo\Assignment5\Triangle.h(78,12): warning C4244:  'argument': conversion from 'double' to 'float', possible loss of data
C:\Users\reube\Desktop\Work\SUTD\Term 8\50.017 Graphics and Visualization\github_repo\Assignment5\Triangle.h(79,15): warning C4244:  'argument': conversion from 'double' to 'float', possible loss of data
C:\Users\reube\Desktop\Work\SUTD\Term 8\50.017 Graphics and Visualization\github_repo\Assignment5\Triangle.h(79,44): warning C4244:  'argument': conversion from 'double' to 'float', possible loss of data
C:\Users\reube\Desktop\Work\SUTD\Term 8\50.017 Graphics and Visualization\github_repo\Assignment5\Triangle.h(79,72): warning C4244:  'argument': conversion from 'double' to 'float', possible loss of data
C:\Users\reube\Desktop\Work\SUTD\Term 8\50.017 Graphics and Visualization\github_repo\Assignment5\octree.cpp(181,10): warning C4244:  '=': conversion from 'double' to 'float', possible loss of data
C:\Users\reube\Desktop\Work\SUTD\Term 8\50.017 Graphics and Visualization\github_repo\Assignment5\octree.cpp(182,10): warning C4244:  '=': conversion from 'double' to 'float', possible loss of data
  RayTracer.cpp
C:\Users\reube\Desktop\Work\SUTD\Term 8\50.017 Graphics and Visualization\github_repo\Assignment5\octree.cpp(183,10): warning C4244:  '=': conversion from 'double' to 'float', possible loss of data
C:\Users\reube\Desktop\Work\SUTD\Term 8\50.017 Graphics and Visualization\github_repo\Assignment5\Camera.h(51,13): warning C4244:  '=': conversion from 'double' to 'float', possible loss of data
C:\Users\reube\Desktop\Work\SUTD\Term 8\50.017 Graphics and Visualization\github_repo\Assignment5\Triangle.h(77,14): warning C4244:  'argument': conversion from 'double' to 'float', possible loss of data
C:\Users\reube\Desktop\Work\SUTD\Term 8\50.017 Graphics and Visualization\github_repo\Assignment5\Triangle.h(77,41): warning C4244:  'argument': conversion from 'double' to 'float', possible loss of data
C:\Users\reube\Desktop\Work\SUTD\Term 8\50.017 Graphics and Visualization\github_repo\Assignment5\Triangle.h(77,67): warning C4244:  'argument': conversion from 'double' to 'float', possible loss of data
C:\Users\reube\Desktop\Work\SUTD\Term 8\50.017 Graphics and Visualization\github_repo\Assignment5\Triangle.h(78,12): warning C4244:  'argument': conversion from 'double' to 'float', possible loss of data
C:\Users\reube\Desktop\Work\SUTD\Term 8\50.017 Graphics and Visualization\github_repo\Assignment5\Triangle.h(79,15): warning C4244:  'argument': conversion from 'double' to 'float', possible loss of data
C:\Users\reube\Desktop\Work\SUTD\Term 8\50.017 Graphics and Visualization\github_repo\Assignment5\Triangle.h(79,44): warning C4244:  'argument': conversion from 'double' to 'float', possible loss of data
C:\Users\reube\Desktop\Work\SUTD\Term 8\50.017 Graphics and Visualization\github_repo\Assignment5\Triangle.h(79,72): warning C4244:  'argument': conversion from 'double' to 'float', possible loss of data
C:\Users\reube\Desktop\Work\SUTD\Term 8\50.017 Graphics and Visualization\github_repo\Assignment5\Group.h(34,22): warning C4018:  '<': signed/unsigned mismatch
C:\Users\reube\Desktop\Work\SUTD\Term 8\50.017 Graphics and Visualization\github_repo\Assignment5\Sphere.h(47,31): warning C4244:  'argument': conversion from 'double' to 'float', possible loss of data
C:\Users\reube\Desktop\Work\SUTD\Term 8\50.017 Graphics and Visualization\github_repo\Assignment5\Sphere.h(50,11): warning C4244:  'argument': conversion from 'double' to 'float', possible loss of data
C:\Users\reube\Desktop\Work\SUTD\Term 8\50.017 Graphics and Visualization\github_repo\Assignment5\Sphere.h(58,31): warning C4244:  'argument': conversion from 'double' to 'float', possible loss of data
C:\Users\reube\Desktop\Work\SUTD\Term 8\50.017 Graphics and Visualization\github_repo\Assignment5\Sphere.h(61,11): warning C4244:  'argument': conversion from 'double' to 'float', possible loss of data
C:\Users\reube\Desktop\Work\SUTD\Term 8\50.017 Graphics and Visualization\github_repo\Assignment5\RayTracer.cpp(29,16): warning C4244:  '=': conversion from 'double' to 'float', possible loss of data
C:\Users\reube\Desktop\Work\SUTD\Term 8\50.017 Graphics and Visualization\github_repo\Assignment5\RayTracer.cpp(84,64): warning C4305:  'argument': truncation from 'double' to 'float'
C:\Users\reube\Desktop\Work\SUTD\Term 8\50.017 Graphics and Visualization\github_repo\Assignment5\RayTracer.cpp(116,74): warning C4244:  'argument': conversion from 'int' to 'float', possible loss of data
C:\Users\reube\Desktop\Work\SUTD\Term 8\50.017 Graphics and Visualization\github_repo\Assignment5\RayTracer.cpp(116,54): warning C4244:  'argument': conversion from 'float' to 'int', possible loss of data
C:\Users\reube\Desktop\Work\SUTD\Term 8\50.017 Graphics and Visualization\github_repo\Assignment5\RayTracer.cpp(116,92): warning C4305:  'argument': truncation from 'double' to 'float'
C:\Users\reube\Desktop\Work\SUTD\Term 8\50.017 Graphics and Visualization\github_repo\Assignment5\RayTracer.cpp(138,76): warning C4244:  'argument': conversion from 'int' to 'float', possible loss of data
C:\Users\reube\Desktop\Work\SUTD\Term 8\50.017 Graphics and Visualization\github_repo\Assignment5\RayTracer.cpp(138,58): warning C4244:  'argument': conversion from 'float' to 'int', possible loss of data
  SceneParser.cpp
C:\Users\reube\Desktop\Work\SUTD\Term 8\50.017 Graphics and Visualization\github_repo\Assignment5\RayTracer.cpp(138,95): warning C4305:  'argument': truncation from 'double' to 'float'
C:\Users\reube\Desktop\Work\SUTD\Term 8\50.017 Graphics and Visualization\github_repo\Assignment5\Camera.h(51,13): warning C4244:  '=': conversion from 'double' to 'float', possible loss of data
C:\Users\reube\Desktop\Work\SUTD\Term 8\50.017 Graphics and Visualization\github_repo\Assignment5\Triangle.h(77,14): warning C4244:  'argument': conversion from 'double' to 'float', possible loss of data
C:\Users\reube\Desktop\Work\SUTD\Term 8\50.017 Graphics and Visualization\github_repo\Assignment5\Triangle.h(77,41): warning C4244:  'argument': conversion from 'double' to 'float', possible loss of data
C:\Users\reube\Desktop\Work\SUTD\Term 8\50.017 Graphics and Visualization\github_repo\Assignment5\Triangle.h(77,67): warning C4244:  'argument': conversion from 'double' to 'float', possible loss of data
C:\Users\reube\Desktop\Work\SUTD\Term 8\50.017 Graphics and Visualization\github_repo\Assignment5\Triangle.h(78,12): warning C4244:  'argument': conversion from 'double' to 'float', possible loss of data
C:\Users\reube\Desktop\Work\SUTD\Term 8\50.017 Graphics and Visualization\github_repo\Assignment5\Triangle.h(79,15): warning C4244:  'argument': conversion from 'double' to 'float', possible loss of data
C:\Users\reube\Desktop\Work\SUTD\Term 8\50.017 Graphics and Visualization\github_repo\Assignment5\Triangle.h(79,44): warning C4244:  'argument': conversion from 'double' to 'float', possible loss of data
C:\Users\reube\Desktop\Work\SUTD\Term 8\50.017 Graphics and Visualization\github_repo\Assignment5\Triangle.h(79,72): warning C4244:  'argument': conversion from 'double' to 'float', possible loss of data
C:\Users\reube\Desktop\Work\SUTD\Term 8\50.017 Graphics and Visualization\github_repo\Assignment5\Group.h(34,22): warning C4018:  '<': signed/unsigned mismatch
C:\Users\reube\Desktop\Work\SUTD\Term 8\50.017 Graphics and Visualization\github_repo\Assignment5\Sphere.h(47,31): warning C4244:  'argument': conversion from 'double' to 'float', possible loss of data
C:\Users\reube\Desktop\Work\SUTD\Term 8\50.017 Graphics and Visualization\github_repo\Assignment5\Sphere.h(50,11): warning C4244:  'argument': conversion from 'double' to 'float', possible loss of data
C:\Users\reube\Desktop\Work\SUTD\Term 8\50.017 Graphics and Visualization\github_repo\Assignment5\Sphere.h(58,31): warning C4244:  'argument': conversion from 'double' to 'float', possible loss of data
C:\Users\reube\Desktop\Work\SUTD\Term 8\50.017 Graphics and Visualization\github_repo\Assignment5\Sphere.h(61,11): warning C4244:  'argument': conversion from 'double' to 'float', possible loss of data
C:\Users\reube\Desktop\Work\SUTD\Term 8\50.017 Graphics and Visualization\github_repo\Assignment5\SceneParser.cpp(42,1): warning C4996:  'fopen': This function or variable may be unsafe. Consider using fopen_s instead. To disable deprecation, use _CRT_SECURE_NO_WARNINGS. See online help for details.
C:\Program Files (x86)\Windows Kits\10\Include\10.0.16299.0\ucrt\stdio.h(207): message :  see declaration of 'fopen'
C:\Users\reube\Desktop\Work\SUTD\Term 8\50.017 Graphics and Visualization\github_repo\Assignment5\SceneParser.cpp(117,25): warning C4244:  'initializing': conversion from 'double' to 'float', possible loss of data
C:\Users\reube\Desktop\Work\SUTD\Term 8\50.017 Graphics and Visualization\github_repo\Assignment5\SceneParser.cpp(469,49): warning C4244:  'argument': conversion from 'double' to 'float', possible loss of data
C:\Users\reube\Desktop\Work\SUTD\Term 8\50.017 Graphics and Visualization\github_repo\Assignment5\SceneParser.cpp(471,49): warning C4244:  'argument': conversion from 'double' to 'float', possible loss of data
C:\Users\reube\Desktop\Work\SUTD\Term 8\50.017 Graphics and Visualization\github_repo\Assignment5\SceneParser.cpp(473,49): warning C4244:  'argument': conversion from 'double' to 'float', possible loss of data
C:\Users\reube\Desktop\Work\SUTD\Term 8\50.017 Graphics and Visualization\github_repo\Assignment5\SceneParser.cpp(478,27): warning C4244:  'initializing': conversion from 'double' to 'float', possible loss of data
C:\Users\reube\Desktop\Work\SUTD\Term 8\50.017 Graphics and Visualization\github_repo\Assignment5\SceneParser.cpp(512,1): warning C4996:  'fscanf': This function or variable may be unsafe. Consider using fscanf_s instead. To disable deprecation, use _CRT_SECURE_NO_WARNINGS. See online help for details.
C:\Program Files (x86)\Windows Kits\10\Include\10.0.16299.0\ucrt\stdio.h(1195): message :  see declaration of 'fscanf'
C:\Users\reube\Desktop\Work\SUTD\Term 8\50.017 Graphics and Visualization\github_repo\Assignment5\SceneParser.cpp(523,1): warning C4996:  'fscanf': This function or variable may be unsafe. Consider using fscanf_s instead. To disable deprecation, use _CRT_SECURE_NO_WARNINGS. See online help for details.
C:\Program Files (x86)\Windows Kits\10\Include\10.0.16299.0\ucrt\stdio.h(1195): message :  see declaration of 'fscanf'
C:\Users\reube\Desktop\Work\SUTD\Term 8\50.017 Graphics and Visualization\github_repo\Assignment5\SceneParser.cpp(534,1): warning C4996:  'fscanf': This function or variable may be unsafe. Consider using fscanf_s instead. To disable deprecation, use _CRT_SECURE_NO_WARNINGS. See online help for details.
C:\Program Files (x86)\Windows Kits\10\Include\10.0.16299.0\ucrt\stdio.h(1195): message :  see declaration of 'fscanf'
C:\Users\reube\Desktop\Work\SUTD\Term 8\50.017 Graphics and Visualization\github_repo\Assignment5\SceneParser.cpp(545,1): warning C4996:  'fscanf': This function or variable may be unsafe. Consider using fscanf_s instead. To disable deprecation, use _CRT_SECURE_NO_WARNINGS. See online help for details.
C:\Program Files (x86)\Windows Kits\10\Include\10.0.16299.0\ucrt\stdio.h(1195): message :  see declaration of 'fscanf'
C:\Users\reube\Desktop\Work\SUTD\Term 8\50.017 Graphics and Visualization\github_repo\Assignment5\SceneParser.cpp(556,1): warning C4996:  'fscanf': This function or variable may be unsafe. Consider using fscanf_s instead. To disable deprecation, use _CRT_SECURE_NO_WARNINGS. See online help for details.
  Generating Code...
C:\Program Files (x86)\Windows Kits\10\Include\10.0.16299.0\ucrt\stdio.h(1195): message :  see declaration of 'fscanf'
C:\Program Files (x86)\Windows Kits\10\Include\10.0.16299.0\ucrt\stdio.h(1195): message : C:\Users\reube\Desktop\Work\SUTD\Term 8\50.017 Graphics and Visualization\github_repo\Assignment5\Sphere.h(68) : warning C4715: 'Sphere::intersect': not all control paths return a value
LINK : warning LNK4075: ignoring '/INCREMENTAL' due to '/OPT:ICF' specification
  a4.vcxproj -> C:\Users\reube\Desktop\Work\SUTD\Term 8\50.017 Graphics and Visualization\github_repo\Assignment5\Release\a4.exe
