c:\users\admin\desktop\distrib\debug\vc142.pdb
c:\users\admin\desktop\distrib\debug\vector4f.obj
c:\users\admin\desktop\distrib\debug\vector3f.obj
c:\users\admin\desktop\distrib\debug\vector2f.obj
c:\users\admin\desktop\distrib\debug\quat4f.obj
c:\users\admin\desktop\distrib\debug\matrix4f.obj
c:\users\admin\desktop\distrib\debug\matrix3f.obj
c:\users\admin\desktop\distrib\debug\matrix2f.obj
c:\users\admin\desktop\distrib\debug\skeletalmodel.obj
c:\users\admin\desktop\distrib\debug\modelerview.obj
c:\users\admin\desktop\distrib\debug\modelerui.obj
c:\users\admin\desktop\distrib\debug\modelerapp.obj
c:\users\admin\desktop\distrib\debug\mesh.obj
c:\users\admin\desktop\distrib\debug\matrixstack.obj
c:\users\admin\desktop\distrib\debug\main.obj
c:\users\admin\desktop\distrib\debug\joint.obj
c:\users\admin\desktop\distrib\debug\bitmap.obj
c:\users\admin\desktop\distrib\debug\camera.obj
c:\users\admin\desktop\distrib\debug\a2.pdb
c:\users\admin\desktop\distrib\debug\a2.tlog\cl.command.1.tlog
c:\users\admin\desktop\distrib\debug\a2.tlog\cl.read.1.tlog
c:\users\admin\desktop\distrib\debug\a2.tlog\cl.write.1.tlog
c:\users\admin\desktop\distrib\debug\a2.tlog\link-cvtres.read.1.tlog
c:\users\admin\desktop\distrib\debug\a2.tlog\link-cvtres.write.1.tlog
c:\users\admin\desktop\distrib\debug\a2.tlog\link-rc.read.1.tlog
c:\users\admin\desktop\distrib\debug\a2.tlog\link-rc.write.1.tlog
c:\users\admin\desktop\distrib\debug\a2.tlog\link.command.1.tlog
c:\users\admin\desktop\distrib\debug\a2.tlog\link.read.1.tlog
c:\users\admin\desktop\distrib\debug\a2.tlog\link.write.1.tlog
