c:\users\reube\desktop\work\sutd\term 8\50.017 graphics and visualization\github_repo\assignment1\debug\vc142.pdb
c:\users\reube\desktop\work\sutd\term 8\50.017 graphics and visualization\github_repo\assignment1\debug\vector4f.obj
c:\users\reube\desktop\work\sutd\term 8\50.017 graphics and visualization\github_repo\assignment1\debug\vector3f.obj
c:\users\reube\desktop\work\sutd\term 8\50.017 graphics and visualization\github_repo\assignment1\debug\vector2f.obj
c:\users\reube\desktop\work\sutd\term 8\50.017 graphics and visualization\github_repo\assignment1\debug\quat4f.obj
c:\users\reube\desktop\work\sutd\term 8\50.017 graphics and visualization\github_repo\assignment1\debug\matrix4f.obj
c:\users\reube\desktop\work\sutd\term 8\50.017 graphics and visualization\github_repo\assignment1\debug\matrix3f.obj
c:\users\reube\desktop\work\sutd\term 8\50.017 graphics and visualization\github_repo\assignment1\debug\matrix2f.obj
c:\users\reube\desktop\work\sutd\term 8\50.017 graphics and visualization\github_repo\assignment1\debug\surf.obj
c:\users\reube\desktop\work\sutd\term 8\50.017 graphics and visualization\github_repo\assignment1\debug\parse.obj
c:\users\reube\desktop\work\sutd\term 8\50.017 graphics and visualization\github_repo\assignment1\debug\main.obj
c:\users\reube\desktop\work\sutd\term 8\50.017 graphics and visualization\github_repo\assignment1\debug\curve.obj
c:\users\reube\desktop\work\sutd\term 8\50.017 graphics and visualization\github_repo\assignment1\debug\camera.obj
c:\users\reube\desktop\work\sutd\term 8\50.017 graphics and visualization\github_repo\assignment1\debug\one.ilk
c:\users\reube\desktop\work\sutd\term 8\50.017 graphics and visualization\github_repo\assignment1\debug\one.exe
c:\users\reube\desktop\work\sutd\term 8\50.017 graphics and visualization\github_repo\assignment1\debug\one.pdb
c:\users\reube\desktop\work\sutd\term 8\50.017 graphics and visualization\github_repo\assignment1\debug\one.tlog\cl.command.1.tlog
c:\users\reube\desktop\work\sutd\term 8\50.017 graphics and visualization\github_repo\assignment1\debug\one.tlog\cl.read.1.tlog
c:\users\reube\desktop\work\sutd\term 8\50.017 graphics and visualization\github_repo\assignment1\debug\one.tlog\cl.write.1.tlog
c:\users\reube\desktop\work\sutd\term 8\50.017 graphics and visualization\github_repo\assignment1\debug\one.tlog\link.command.1.tlog
c:\users\reube\desktop\work\sutd\term 8\50.017 graphics and visualization\github_repo\assignment1\debug\one.tlog\link.read.1.tlog
c:\users\reube\desktop\work\sutd\term 8\50.017 graphics and visualization\github_repo\assignment1\debug\one.tlog\link.write.1.tlog
