  ClothSystem.cpp
C:\Users\reube\Desktop\Work\SUTD\Term 8\50.017 Graphics and Visualization\github_repo\Final-Project\VC++\Q-Graphics\ClothSystem.cpp(88,134): warning C4244:  'argument': conversion from '_Ty' to 'float', possible loss of data
C:\Users\reube\Desktop\Work\SUTD\Term 8\50.017 Graphics and Visualization\github_repo\Final-Project\VC++\Q-Graphics\ClothSystem.cpp(88,134): warning C4244:         with
C:\Users\reube\Desktop\Work\SUTD\Term 8\50.017 Graphics and Visualization\github_repo\Final-Project\VC++\Q-Graphics\ClothSystem.cpp(88,134): warning C4244:         [
C:\Users\reube\Desktop\Work\SUTD\Term 8\50.017 Graphics and Visualization\github_repo\Final-Project\VC++\Q-Graphics\ClothSystem.cpp(88,134): warning C4244:             _Ty=double
C:\Users\reube\Desktop\Work\SUTD\Term 8\50.017 Graphics and Visualization\github_repo\Final-Project\VC++\Q-Graphics\ClothSystem.cpp(88,134): warning C4244:         ]
C:\Users\reube\Desktop\Work\SUTD\Term 8\50.017 Graphics and Visualization\github_repo\Final-Project\VC++\Q-Graphics\ClothSystem.cpp(88,94): warning C4244:  'argument': conversion from '_Ty' to 'float', possible loss of data
C:\Users\reube\Desktop\Work\SUTD\Term 8\50.017 Graphics and Visualization\github_repo\Final-Project\VC++\Q-Graphics\ClothSystem.cpp(88,94): warning C4244:         with
C:\Users\reube\Desktop\Work\SUTD\Term 8\50.017 Graphics and Visualization\github_repo\Final-Project\VC++\Q-Graphics\ClothSystem.cpp(88,94): warning C4244:         [
C:\Users\reube\Desktop\Work\SUTD\Term 8\50.017 Graphics and Visualization\github_repo\Final-Project\VC++\Q-Graphics\ClothSystem.cpp(88,94): warning C4244:             _Ty=double
C:\Users\reube\Desktop\Work\SUTD\Term 8\50.017 Graphics and Visualization\github_repo\Final-Project\VC++\Q-Graphics\ClothSystem.cpp(88,94): warning C4244:         ]
C:\Users\reube\Desktop\Work\SUTD\Term 8\50.017 Graphics and Visualization\github_repo\Final-Project\VC++\Q-Graphics\ClothSystem.cpp(88,43): warning C4244:  'argument': conversion from 'double' to 'float', possible loss of data
C:\Users\reube\Desktop\Work\SUTD\Term 8\50.017 Graphics and Visualization\github_repo\Final-Project\VC++\Q-Graphics\ClothSystem.cpp(153,20): warning C4018:  '<': signed/unsigned mismatch
C:\Users\reube\Desktop\Work\SUTD\Term 8\50.017 Graphics and Visualization\github_repo\Final-Project\VC++\Q-Graphics\ClothSystem.cpp(156,9): warning C4244:  '=': conversion from 'double' to 'float', possible loss of data
C:\Users\reube\Desktop\Work\SUTD\Term 8\50.017 Graphics and Visualization\github_repo\Final-Project\VC++\Q-Graphics\ClothSystem.cpp(168,20): warning C4018:  '<': signed/unsigned mismatch
C:\Users\reube\Desktop\Work\SUTD\Term 8\50.017 Graphics and Visualization\github_repo\Final-Project\VC++\Q-Graphics\ClothSystem.cpp(171,17): warning C4244:  '=': conversion from 'double' to 'float', possible loss of data
C:\Users\reube\Desktop\Work\SUTD\Term 8\50.017 Graphics and Visualization\github_repo\Final-Project\VC++\Q-Graphics\ClothSystem.cpp(183,20): warning C4018:  '<': signed/unsigned mismatch
C:\Users\reube\Desktop\Work\SUTD\Term 8\50.017 Graphics and Visualization\github_repo\Final-Project\VC++\Q-Graphics\ClothSystem.cpp(186,17): warning C4244:  '=': conversion from 'double' to 'float', possible loss of data
C:\Users\reube\Desktop\Work\SUTD\Term 8\50.017 Graphics and Visualization\github_repo\Final-Project\VC++\Q-Graphics\ClothSystem.cpp(199,56): warning C4018:  '>=': signed/unsigned mismatch
C:\Users\reube\Desktop\Work\SUTD\Term 8\50.017 Graphics and Visualization\github_repo\Final-Project\VC++\Q-Graphics\ClothSystem.cpp(199,99): warning C4018:  '<': signed/unsigned mismatch
C:\Users\reube\Desktop\Work\SUTD\Term 8\50.017 Graphics and Visualization\github_repo\Final-Project\VC++\Q-Graphics\ClothSystem.cpp(262,74): warning C4244:  'argument': conversion from '_Ty' to 'float', possible loss of data
C:\Users\reube\Desktop\Work\SUTD\Term 8\50.017 Graphics and Visualization\github_repo\Final-Project\VC++\Q-Graphics\ClothSystem.cpp(262,74): warning C4244:         with
C:\Users\reube\Desktop\Work\SUTD\Term 8\50.017 Graphics and Visualization\github_repo\Final-Project\VC++\Q-Graphics\ClothSystem.cpp(262,74): warning C4244:         [
C:\Users\reube\Desktop\Work\SUTD\Term 8\50.017 Graphics and Visualization\github_repo\Final-Project\VC++\Q-Graphics\ClothSystem.cpp(262,74): warning C4244:             _Ty=double
C:\Users\reube\Desktop\Work\SUTD\Term 8\50.017 Graphics and Visualization\github_repo\Final-Project\VC++\Q-Graphics\ClothSystem.cpp(262,74): warning C4244:         ]
C:\Users\reube\Desktop\Work\SUTD\Term 8\50.017 Graphics and Visualization\github_repo\Final-Project\VC++\Q-Graphics\ClothSystem.cpp(262,50): warning C4244:  'argument': conversion from '_Ty' to 'float', possible loss of data
C:\Users\reube\Desktop\Work\SUTD\Term 8\50.017 Graphics and Visualization\github_repo\Final-Project\VC++\Q-Graphics\ClothSystem.cpp(262,50): warning C4244:         with
C:\Users\reube\Desktop\Work\SUTD\Term 8\50.017 Graphics and Visualization\github_repo\Final-Project\VC++\Q-Graphics\ClothSystem.cpp(262,50): warning C4244:         [
C:\Users\reube\Desktop\Work\SUTD\Term 8\50.017 Graphics and Visualization\github_repo\Final-Project\VC++\Q-Graphics\ClothSystem.cpp(262,50): warning C4244:             _Ty=double
C:\Users\reube\Desktop\Work\SUTD\Term 8\50.017 Graphics and Visualization\github_repo\Final-Project\VC++\Q-Graphics\ClothSystem.cpp(262,50): warning C4244:         ]
C:\Users\reube\Desktop\Work\SUTD\Term 8\50.017 Graphics and Visualization\github_repo\Final-Project\VC++\Q-Graphics\ClothSystem.cpp(227,17): warning C4101:  'timeEvolve': unreferenced local variable
  a3.vcxproj -> C:\Users\reube\Desktop\Work\SUTD\Term 8\50.017 Graphics and Visualization\github_repo\Final-Project\VC++\Q-Graphics\Debug\quantum_ISW.exe
