c:\users\admin\desktop\graphics assignments\assignment3_setup\debug\vc142.pdb
c:\users\admin\desktop\graphics assignments\assignment3_setup\debug\vector4f.obj
c:\users\admin\desktop\graphics assignments\assignment3_setup\debug\vector3f.obj
c:\users\admin\desktop\graphics assignments\assignment3_setup\debug\vector2f.obj
c:\users\admin\desktop\graphics assignments\assignment3_setup\debug\quat4f.obj
c:\users\admin\desktop\graphics assignments\assignment3_setup\debug\matrix4f.obj
c:\users\admin\desktop\graphics assignments\assignment3_setup\debug\matrix3f.obj
c:\users\admin\desktop\graphics assignments\assignment3_setup\debug\matrix2f.obj
c:\users\admin\desktop\graphics assignments\assignment3_setup\debug\timestepper.obj
c:\users\admin\desktop\graphics assignments\assignment3_setup\debug\simplesystem.obj
c:\users\admin\desktop\graphics assignments\assignment3_setup\debug\pendulumsystem.obj
c:\users\admin\desktop\graphics assignments\assignment3_setup\debug\particlesystem.obj
c:\users\admin\desktop\graphics assignments\assignment3_setup\debug\main.obj
c:\users\admin\desktop\graphics assignments\assignment3_setup\debug\clothsystem.obj
c:\users\admin\desktop\graphics assignments\assignment3_setup\debug\camera.obj
c:\users\admin\desktop\graphics assignments\assignment3_setup\debug\a3.pdb
c:\users\admin\desktop\graphics assignments\assignment3_setup\debug\a3.tlog\cl.command.1.tlog
c:\users\admin\desktop\graphics assignments\assignment3_setup\debug\a3.tlog\cl.read.1.tlog
c:\users\admin\desktop\graphics assignments\assignment3_setup\debug\a3.tlog\cl.write.1.tlog
c:\users\admin\desktop\graphics assignments\assignment3_setup\debug\a3.tlog\link-cvtres.read.1.tlog
c:\users\admin\desktop\graphics assignments\assignment3_setup\debug\a3.tlog\link-cvtres.write.1.tlog
c:\users\admin\desktop\graphics assignments\assignment3_setup\debug\a3.tlog\link-rc.read.1.tlog
c:\users\admin\desktop\graphics assignments\assignment3_setup\debug\a3.tlog\link-rc.write.1.tlog
c:\users\admin\desktop\graphics assignments\assignment3_setup\debug\a3.tlog\link.command.1.tlog
c:\users\admin\desktop\graphics assignments\assignment3_setup\debug\a3.tlog\link.read.1.tlog
c:\users\admin\desktop\graphics assignments\assignment3_setup\debug\a3.tlog\link.write.1.tlog
