  TimeStepper.cpp
C:\Users\reube\Desktop\Work\SUTD\Term 8\50.017 Graphics and Visualization\github_repo\Assignment3\TimeStepper.cpp(28,20): warning C4018:  '<': signed/unsigned mismatch
C:\Users\reube\Desktop\Work\SUTD\Term 8\50.017 Graphics and Visualization\github_repo\Assignment3\TimeStepper.cpp(60,20): warning C4018:  '<': signed/unsigned mismatch
C:\Users\reube\Desktop\Work\SUTD\Term 8\50.017 Graphics and Visualization\github_repo\Assignment3\TimeStepper.cpp(68,20): warning C4018:  '<': signed/unsigned mismatch
C:\Users\reube\Desktop\Work\SUTD\Term 8\50.017 Graphics and Visualization\github_repo\Assignment3\TimeStepper.cpp(69,40): warning C4244:  'argument': conversion from 'double' to 'float', possible loss of data
C:\Users\reube\Desktop\Work\SUTD\Term 8\50.017 Graphics and Visualization\github_repo\Assignment3\TimeStepper.cpp(101,20): warning C4018:  '<': signed/unsigned mismatch
C:\Users\reube\Desktop\Work\SUTD\Term 8\50.017 Graphics and Visualization\github_repo\Assignment3\TimeStepper.cpp(102,40): warning C4244:  'argument': conversion from 'double' to 'float', possible loss of data
C:\Users\reube\Desktop\Work\SUTD\Term 8\50.017 Graphics and Visualization\github_repo\Assignment3\TimeStepper.cpp(107,20): warning C4018:  '<': signed/unsigned mismatch
C:\Users\reube\Desktop\Work\SUTD\Term 8\50.017 Graphics and Visualization\github_repo\Assignment3\TimeStepper.cpp(108,40): warning C4244:  'argument': conversion from 'double' to 'float', possible loss of data
C:\Users\reube\Desktop\Work\SUTD\Term 8\50.017 Graphics and Visualization\github_repo\Assignment3\TimeStepper.cpp(113,20): warning C4018:  '<': signed/unsigned mismatch
C:\Users\reube\Desktop\Work\SUTD\Term 8\50.017 Graphics and Visualization\github_repo\Assignment3\TimeStepper.cpp(119,20): warning C4018:  '<': signed/unsigned mismatch
C:\Users\reube\Desktop\Work\SUTD\Term 8\50.017 Graphics and Visualization\github_repo\Assignment3\TimeStepper.cpp(120,40): warning C4244:  'argument': conversion from 'double' to 'float', possible loss of data
C:\Users\reube\Desktop\Work\SUTD\Term 8\50.017 Graphics and Visualization\github_repo\Assignment3\TimeStepper.cpp(141,20): warning C4018:  '<': signed/unsigned mismatch
C:\Users\reube\Desktop\Work\SUTD\Term 8\50.017 Graphics and Visualization\github_repo\Assignment3\TimeStepper.cpp(142,40): warning C4244:  'argument': conversion from 'double' to 'float', possible loss of data
C:\Users\reube\Desktop\Work\SUTD\Term 8\50.017 Graphics and Visualization\github_repo\Assignment3\TimeStepper.cpp(147,20): warning C4018:  '<': signed/unsigned mismatch
C:\Users\reube\Desktop\Work\SUTD\Term 8\50.017 Graphics and Visualization\github_repo\Assignment3\TimeStepper.cpp(148,45): warning C4244:  'argument': conversion from 'double' to 'float', possible loss of data
C:\Users\reube\Desktop\Work\SUTD\Term 8\50.017 Graphics and Visualization\github_repo\Assignment3\TimeStepper.cpp(149,21): warning C4244:  'argument': conversion from 'double' to 'float', possible loss of data
C:\Users\reube\Desktop\Work\SUTD\Term 8\50.017 Graphics and Visualization\github_repo\Assignment3\TimeStepper.cpp(154,20): warning C4018:  '<': signed/unsigned mismatch
C:\Users\reube\Desktop\Work\SUTD\Term 8\50.017 Graphics and Visualization\github_repo\Assignment3\TimeStepper.cpp(155,48): warning C4244:  'argument': conversion from 'double' to 'float', possible loss of data
C:\Users\reube\Desktop\Work\SUTD\Term 8\50.017 Graphics and Visualization\github_repo\Assignment3\TimeStepper.cpp(156,24): warning C4244:  'argument': conversion from 'double' to 'float', possible loss of data
C:\Users\reube\Desktop\Work\SUTD\Term 8\50.017 Graphics and Visualization\github_repo\Assignment3\TimeStepper.cpp(157,24): warning C4244:  'argument': conversion from 'double' to 'float', possible loss of data
C:\Users\reube\Desktop\Work\SUTD\Term 8\50.017 Graphics and Visualization\github_repo\Assignment3\TimeStepper.cpp(162,20): warning C4018:  '<': signed/unsigned mismatch
C:\Users\reube\Desktop\Work\SUTD\Term 8\50.017 Graphics and Visualization\github_repo\Assignment3\TimeStepper.cpp(163,47): warning C4244:  'argument': conversion from 'double' to 'float', possible loss of data
C:\Users\reube\Desktop\Work\SUTD\Term 8\50.017 Graphics and Visualization\github_repo\Assignment3\TimeStepper.cpp(164,10): warning C4244:  'argument': conversion from 'double' to 'float', possible loss of data
C:\Users\reube\Desktop\Work\SUTD\Term 8\50.017 Graphics and Visualization\github_repo\Assignment3\TimeStepper.cpp(165,24): warning C4244:  'argument': conversion from 'double' to 'float', possible loss of data
C:\Users\reube\Desktop\Work\SUTD\Term 8\50.017 Graphics and Visualization\github_repo\Assignment3\TimeStepper.cpp(166,23): warning C4244:  'argument': conversion from 'double' to 'float', possible loss of data
C:\Users\reube\Desktop\Work\SUTD\Term 8\50.017 Graphics and Visualization\github_repo\Assignment3\TimeStepper.cpp(171,20): warning C4018:  '<': signed/unsigned mismatch
C:\Users\reube\Desktop\Work\SUTD\Term 8\50.017 Graphics and Visualization\github_repo\Assignment3\TimeStepper.cpp(172,45): warning C4244:  'argument': conversion from 'double' to 'float', possible loss of data
C:\Users\reube\Desktop\Work\SUTD\Term 8\50.017 Graphics and Visualization\github_repo\Assignment3\TimeStepper.cpp(173,10): warning C4244:  'argument': conversion from 'double' to 'float', possible loss of data
C:\Users\reube\Desktop\Work\SUTD\Term 8\50.017 Graphics and Visualization\github_repo\Assignment3\TimeStepper.cpp(174,24): warning C4244:  'argument': conversion from 'double' to 'float', possible loss of data
C:\Users\reube\Desktop\Work\SUTD\Term 8\50.017 Graphics and Visualization\github_repo\Assignment3\TimeStepper.cpp(175,24): warning C4244:  'argument': conversion from 'double' to 'float', possible loss of data
C:\Users\reube\Desktop\Work\SUTD\Term 8\50.017 Graphics and Visualization\github_repo\Assignment3\TimeStepper.cpp(176,22): warning C4244:  'argument': conversion from 'double' to 'float', possible loss of data
C:\Users\reube\Desktop\Work\SUTD\Term 8\50.017 Graphics and Visualization\github_repo\Assignment3\TimeStepper.cpp(182,20): warning C4018:  '<': signed/unsigned mismatch
C:\Users\reube\Desktop\Work\SUTD\Term 8\50.017 Graphics and Visualization\github_repo\Assignment3\TimeStepper.cpp(183,47): warning C4244:  'argument': conversion from 'double' to 'float', possible loss of data
C:\Users\reube\Desktop\Work\SUTD\Term 8\50.017 Graphics and Visualization\github_repo\Assignment3\TimeStepper.cpp(184,24): warning C4244:  'argument': conversion from 'double' to 'float', possible loss of data
C:\Users\reube\Desktop\Work\SUTD\Term 8\50.017 Graphics and Visualization\github_repo\Assignment3\TimeStepper.cpp(185,24): warning C4244:  'argument': conversion from 'double' to 'float', possible loss of data
C:\Users\reube\Desktop\Work\SUTD\Term 8\50.017 Graphics and Visualization\github_repo\Assignment3\TimeStepper.cpp(186,21): warning C4244:  'argument': conversion from 'double' to 'float', possible loss of data
C:\Users\reube\Desktop\Work\SUTD\Term 8\50.017 Graphics and Visualization\github_repo\Assignment3\TimeStepper.cpp(188,47): warning C4244:  'argument': conversion from 'double' to 'float', possible loss of data
C:\Users\reube\Desktop\Work\SUTD\Term 8\50.017 Graphics and Visualization\github_repo\Assignment3\TimeStepper.cpp(189,24): warning C4244:  'argument': conversion from 'double' to 'float', possible loss of data
C:\Users\reube\Desktop\Work\SUTD\Term 8\50.017 Graphics and Visualization\github_repo\Assignment3\TimeStepper.cpp(190,25): warning C4244:  'argument': conversion from 'double' to 'float', possible loss of data
C:\Users\reube\Desktop\Work\SUTD\Term 8\50.017 Graphics and Visualization\github_repo\Assignment3\TimeStepper.cpp(191,21): warning C4244:  'argument': conversion from 'double' to 'float', possible loss of data
C:\Users\reube\Desktop\Work\SUTD\Term 8\50.017 Graphics and Visualization\github_repo\Assignment3\TimeStepper.cpp(192,21): warning C4244:  'argument': conversion from 'double' to 'float', possible loss of data
C:\Users\reube\Desktop\Work\SUTD\Term 8\50.017 Graphics and Visualization\github_repo\Assignment3\TimeStepper.cpp(194,40): warning C4244:  '+=': conversion from 'double' to 'float', possible loss of data
C:\Users\reube\Desktop\Work\SUTD\Term 8\50.017 Graphics and Visualization\github_repo\Assignment3\TimeStepper.cpp(197,18): warning C4244:  'return': conversion from 'double' to 'float', possible loss of data
C:\Users\reube\Desktop\Work\SUTD\Term 8\50.017 Graphics and Visualization\github_repo\Assignment3\TimeStepper.cpp(221,56): warning C4305:  'argument': truncation from 'double' to 'float'
C:\Users\reube\Desktop\Work\SUTD\Term 8\50.017 Graphics and Visualization\github_repo\Assignment3\TimeStepper.cpp(227,20): warning C4018:  '<': signed/unsigned mismatch
C:\Users\reube\Desktop\Work\SUTD\Term 8\50.017 Graphics and Visualization\github_repo\Assignment3\TimeStepper.cpp(228,28): warning C4244:  'argument': conversion from 'double' to 'float', possible loss of data
C:\Users\reube\Desktop\Work\SUTD\Term 8\50.017 Graphics and Visualization\github_repo\Assignment3\TimeStepper.cpp(233,20): warning C4018:  '<': signed/unsigned mismatch
C:\Users\reube\Desktop\Work\SUTD\Term 8\50.017 Graphics and Visualization\github_repo\Assignment3\TimeStepper.cpp(234,28): warning C4244:  'argument': conversion from 'double' to 'float', possible loss of data
C:\Users\reube\Desktop\Work\SUTD\Term 8\50.017 Graphics and Visualization\github_repo\Assignment3\TimeStepper.cpp(239,20): warning C4018:  '<': signed/unsigned mismatch
C:\Users\reube\Desktop\Work\SUTD\Term 8\50.017 Graphics and Visualization\github_repo\Assignment3\TimeStepper.cpp(245,20): warning C4018:  '<': signed/unsigned mismatch
C:\Users\reube\Desktop\Work\SUTD\Term 8\50.017 Graphics and Visualization\github_repo\Assignment3\TimeStepper.cpp(246,28): warning C4244:  'argument': conversion from 'double' to 'float', possible loss of data
  a3.vcxproj -> C:\Users\reube\Desktop\Work\SUTD\Term 8\50.017 Graphics and Visualization\github_repo\Assignment3\Debug\a3.exe
